============================= test session starts =============================
platform win32 -- Python 3.14.3, pytest-9.0.2, pluggy-1.6.0 -- C:\Coding\Project Btech\Semantic-Cache\.venv\Scripts\python.exe
cachedir: .pytest_cache
rootdir: C:\Coding\Project Btech\Semantic-Cache
configfile: pyproject.toml
plugins: anyio-4.12.1, locust-2.43.3, asyncio-1.3.0
asyncio: mode=Mode.STRICT, debug=False, asyncio_default_fixture_loop_scope=None, asyncio_default_test_loop_scope=function
collecting ... collected 0 items / 1 error

=================================== ERRORS ====================================
_____ ERROR collecting tests/unit/similarity/test_phase_1_3_similarity.py _____
ImportError while importing test module 'C:\Coding\Project Btech\Semantic-Cache\tests\unit\similarity\test_phase_1_3_similarity.py'.
Hint: make sure your test modules/packages have valid Python names.
Traceback:
C:\Users\sahil\AppData\Local\Python\pythoncore-3.14-64\Lib\importlib\__init__.py:88: in import_module
    return _bootstrap._gcd_import(name[level:], package, level)
           ^^^^^^^^^^^^^^^^^^^^^^^^^^^^^^^^^^^^^^^^^^^^^^^^^^^^
tests\unit\similarity\test_phase_1_3_similarity.py:20: in <module>
    from src.similarity.base import (
E   ModuleNotFoundError: No module named 'src'
=========================== short test summary info ===========================
ERROR tests/unit/similarity/test_phase_1_3_similarity.py
!!!!!!!!!!!!!!!!!!! Interrupted: 1 error during collection !!!!!!!!!!!!!!!!!!!!
============================== 1 error in 0.16s ===============================
